#! /usr/bin/vvp
:ivl_version "0.9.7 " "(v0_9_7)";
:vpi_time_precision + 0;
:vpi_module "system";
:vpi_module "v2005_math";
:vpi_module "va_math";
S_0x147fcf0 .scope module, "circuit_test" "circuit_test" 2 3;
 .timescale 0 0;
v0x1495f30_0 .var "dummy", 0 0;
v0x1495ff0_0 .net "error_decoder", 0 0, v0x14959d0_0; 1 drivers
v0x14960a0_0 .net "error_encoder", 0 0, v0x1495d30_0; 1 drivers
v0x1496150_0 .net "error_mux", 0 0, v0x147b760_0; 1 drivers
v0x1496230_0 .var "in1", 3 0;
v0x14962e0_0 .var "in2", 1 0;
v0x14963a0_0 .var "in3", 3 0;
v0x1496450_0 .net "out1", 1 0, v0x1495e90_0; 1 drivers
v0x1496550_0 .net "out2", 3 0, v0x1495b30_0; 1 drivers
v0x1496600_0 .net "out3", 0 0, v0x1495720_0; 1 drivers
v0x1496710_0 .var "select_lines", 1 0;
S_0x1495bd0 .scope module, "dut_module1" "encoder" 2 18, 3 1, S_0x147fcf0;
 .timescale 0 0;
v0x1495d30_0 .var "error", 0 0;
v0x1495df0_0 .net "in", 3 0, v0x1496230_0; 1 drivers
v0x1495e90_0 .var "out", 1 0;
E_0x1495cc0 .event edge, v0x1495df0_0;
S_0x1495870 .scope module, "dut_module2" "decoder" 2 19, 3 25, S_0x147fcf0;
 .timescale 0 0;
v0x14959d0_0 .var "error", 0 0;
v0x1495a90_0 .net "in", 1 0, v0x14962e0_0; 1 drivers
v0x1495b30_0 .var "out", 3 0;
E_0x1495960 .event edge, v0x1495a90_0;
S_0x147fde0 .scope module, "dut_module3" "mux" 2 20, 3 50, S_0x147fcf0;
 .timescale 0 0;
v0x147b760_0 .var "error", 0 0;
v0x1495680_0 .net "in", 3 0, v0x14963a0_0; 1 drivers
v0x1495720_0 .var "out", 0 0;
v0x14957c0_0 .net "select_lines", 1 0, v0x1496710_0; 1 drivers
E_0x1459cd0 .event edge, v0x1495680_0;
    .scope S_0x1495bd0;
T_0 ;
    %set/v v0x1495d30_0, 0, 1;
    %end;
    .thread T_0;
    .scope S_0x1495bd0;
T_1 ;
    %wait E_0x1495cc0;
    %load/v 8, v0x1495df0_0, 4;
    %mov 12, 0, 1;
    %cmpi/u 8, 8, 5;
    %jmp/0xz  T_1.0, 4;
    %set/v v0x1495e90_0, 0, 2;
    %jmp T_1.1;
T_1.0 ;
    %load/v 8, v0x1495df0_0, 4;
    %mov 12, 0, 1;
    %cmpi/u 8, 4, 5;
    %jmp/0xz  T_1.2, 4;
    %movi 8, 1, 2;
    %set/v v0x1495e90_0, 8, 2;
    %jmp T_1.3;
T_1.2 ;
    %load/v 8, v0x1495df0_0, 4;
    %mov 12, 0, 1;
    %cmpi/u 8, 2, 5;
    %jmp/0xz  T_1.4, 4;
    %movi 8, 2, 2;
    %set/v v0x1495e90_0, 8, 2;
    %jmp T_1.5;
T_1.4 ;
    %load/v 8, v0x1495df0_0, 4;
    %mov 12, 0, 1;
    %cmpi/u 8, 1, 5;
    %jmp/0xz  T_1.6, 4;
    %set/v v0x1495e90_0, 1, 2;
    %jmp T_1.7;
T_1.6 ;
    %set/v v0x1495d30_0, 1, 1;
T_1.7 ;
T_1.5 ;
T_1.3 ;
T_1.1 ;
    %jmp T_1;
    .thread T_1, $push;
    .scope S_0x1495870;
T_2 ;
    %set/v v0x14959d0_0, 0, 1;
    %end;
    .thread T_2;
    .scope S_0x1495870;
T_3 ;
    %wait E_0x1495960;
    %load/v 8, v0x1495a90_0, 2;
    %mov 10, 0, 1;
    %cmpi/u 8, 0, 3;
    %jmp/0xz  T_3.0, 4;
    %movi 8, 8, 4;
    %set/v v0x1495b30_0, 8, 4;
    %jmp T_3.1;
T_3.0 ;
    %load/v 8, v0x1495a90_0, 2;
    %mov 10, 0, 1;
    %cmpi/u 8, 1, 3;
    %jmp/0xz  T_3.2, 4;
    %movi 8, 4, 4;
    %set/v v0x1495b30_0, 8, 4;
    %jmp T_3.3;
T_3.2 ;
    %load/v 8, v0x1495a90_0, 2;
    %mov 10, 0, 1;
    %cmpi/u 8, 2, 3;
    %jmp/0xz  T_3.4, 4;
    %movi 8, 2, 4;
    %set/v v0x1495b30_0, 8, 4;
    %jmp T_3.5;
T_3.4 ;
    %load/v 8, v0x1495a90_0, 2;
    %mov 10, 0, 1;
    %cmpi/u 8, 3, 3;
    %jmp/0xz  T_3.6, 4;
    %movi 8, 1, 4;
    %set/v v0x1495b30_0, 8, 4;
    %jmp T_3.7;
T_3.6 ;
    %set/v v0x14959d0_0, 1, 1;
T_3.7 ;
T_3.5 ;
T_3.3 ;
T_3.1 ;
    %jmp T_3;
    .thread T_3, $push;
    .scope S_0x147fde0;
T_4 ;
    %set/v v0x147b760_0, 0, 1;
    %end;
    .thread T_4;
    .scope S_0x147fde0;
T_5 ;
    %wait E_0x1459cd0;
    %load/v 8, v0x1495680_0, 4;
    %mov 12, 0, 1;
    %cmpi/u 8, 1, 5;
    %mov 8, 4, 1;
    %load/v 9, v0x1495680_0, 4;
    %mov 13, 0, 1;
    %cmpi/u 9, 2, 5;
    %or 8, 4, 1;
    %load/v 9, v0x1495680_0, 4;
    %mov 13, 0, 1;
    %cmpi/u 9, 4, 5;
    %or 8, 4, 1;
    %load/v 9, v0x1495680_0, 4;
    %mov 13, 0, 1;
    %cmpi/u 9, 8, 5;
    %or 8, 4, 1;
    %jmp/0xz  T_5.0, 8;
    %load/v 8, v0x14957c0_0, 2;
    %mov 10, 0, 1;
    %cmpi/u 8, 0, 3;
    %jmp/0xz  T_5.2, 4;
    %ix/load 1, 3, 0;
    %mov 4, 0, 1;
    %jmp/1 T_5.4, 4;
    %load/x1p 8, v0x1495680_0, 1;
    %jmp T_5.5;
T_5.4 ;
    %mov 8, 2, 1;
T_5.5 ;
; Save base=8 wid=1 in lookaside.
    %set/v v0x1495720_0, 8, 1;
    %jmp T_5.3;
T_5.2 ;
    %load/v 8, v0x14957c0_0, 2;
    %mov 10, 0, 1;
    %cmpi/u 8, 1, 3;
    %jmp/0xz  T_5.6, 4;
    %ix/load 1, 2, 0;
    %mov 4, 0, 1;
    %jmp/1 T_5.8, 4;
    %load/x1p 8, v0x1495680_0, 1;
    %jmp T_5.9;
T_5.8 ;
    %mov 8, 2, 1;
T_5.9 ;
; Save base=8 wid=1 in lookaside.
    %set/v v0x1495720_0, 8, 1;
    %jmp T_5.7;
T_5.6 ;
    %load/v 8, v0x14957c0_0, 2;
    %mov 10, 0, 1;
    %cmpi/u 8, 2, 3;
    %jmp/0xz  T_5.10, 4;
    %ix/load 1, 1, 0;
    %mov 4, 0, 1;
    %jmp/1 T_5.12, 4;
    %load/x1p 8, v0x1495680_0, 1;
    %jmp T_5.13;
T_5.12 ;
    %mov 8, 2, 1;
T_5.13 ;
; Save base=8 wid=1 in lookaside.
    %set/v v0x1495720_0, 8, 1;
    %jmp T_5.11;
T_5.10 ;
    %load/v 8, v0x14957c0_0, 2;
    %mov 10, 0, 1;
    %cmpi/u 8, 3, 3;
    %jmp/0xz  T_5.14, 4;
    %load/v 8, v0x1495680_0, 1; Only need 1 of 4 bits
; Save base=8 wid=1 in lookaside.
    %set/v v0x1495720_0, 8, 1;
    %jmp T_5.15;
T_5.14 ;
    %set/v v0x147b760_0, 1, 1;
T_5.15 ;
T_5.11 ;
T_5.7 ;
T_5.3 ;
    %jmp T_5.1;
T_5.0 ;
    %set/v v0x147b760_0, 1, 1;
T_5.1 ;
    %jmp T_5;
    .thread T_5, $push;
    .scope S_0x147fcf0;
T_6 ;
    %vpi_func 2 23 "$value$plusargs", 8, 32, "in1=%b", v0x1496230_0;
    %set/v v0x1495f30_0, 8, 1;
    %vpi_func 2 24 "$value$plusargs", 8, 32, "in2=%b", v0x14962e0_0;
    %set/v v0x1495f30_0, 8, 1;
    %vpi_func 2 25 "$value$plusargs", 8, 32, "in3=%b", v0x14963a0_0;
    %set/v v0x1495f30_0, 8, 1;
    %vpi_func 2 26 "$value$plusargs", 8, 32, "select_lines=%b", v0x1496710_0;
    %set/v v0x1495f30_0, 8, 1;
    %vpi_call 2 28 "$display", "input values are: in1 = %b, in2 = %b, in3 = %b, select lines = %b", v0x1496230_0, v0x14962e0_0, v0x14963a0_0, v0x1496710_0;
    %delay 1, 0;
    %vpi_call 2 30 "$display", "output values are: out1 = %b, out2 = %b, out3 = %b, error_encoder = %b, error_decoder = %b, error_mux = %b", v0x1496450_0, v0x1496550_0, v0x1496600_0, v0x14960a0_0, v0x1495ff0_0, v0x1496150_0;
    %vpi_call 2 31 "$finish";
    %end;
    .thread T_6;
# The file index is used to find the file name in the following table.
:file_names 4;
    "N/A";
    "<interactive>";
    "main.v";
    "./application_circuit.v";
