#! /usr/bin/vvp
:ivl_version "10.1 (stable)";
:ivl_delay_selection "TYPICAL";
:vpi_time_precision + 0;
:vpi_module "system";
:vpi_module "vhdl_sys";
:vpi_module "v2005_math";
:vpi_module "va_math";
S_0x562104c63930 .scope module, "twos_Complement" "twos_Complement" 2 1;
 .timescale 0 0;
v0x562104c84f40_0 .var/i "i", 31 0;
v0x562104c85040_0 .var "in1", 0 0;
v0x562104c85100_0 .var "in2", 0 0;
v0x562104c85200_0 .var "in3", 0 0;
v0x562104c852d0_0 .var "in4", 0 0;
v0x562104c853c0_0 .var/i "j", 31 0;
v0x562104c85460_0 .var/i "k", 31 0;
v0x562104c85500_0 .net "out1", 0 0, L_0x562104c85e60;  1 drivers
v0x562104c855d0_0 .net "out2", 0 0, L_0x562104c86370;  1 drivers
v0x562104c856a0_0 .net "out3", 0 0, L_0x562104c863e0;  1 drivers
v0x562104c85770_0 .net "out4", 0 0, L_0x562104c86720;  1 drivers
v0x562104c85840_0 .var/i "q", 31 0;
S_0x562104c64670 .scope module, "twos_ComplementModule" "gate_level_module" 2 6, 3 8 0, S_0x562104c63930;
 .timescale 0 0;
    .port_info 0 /INPUT 1 "X1"
    .port_info 1 /INPUT 1 "X2"
    .port_info 2 /INPUT 1 "X3"
    .port_info 3 /INPUT 1 "X4"
    .port_info 4 /OUTPUT 1 "F1"
    .port_info 5 /OUTPUT 1 "F2"
    .port_info 6 /OUTPUT 1 "F3"
    .port_info 7 /OUTPUT 1 "F4"
L_0x562104c63530 .functor NOT 1, v0x562104c85040_0, C4<0>, C4<0>, C4<0>;
L_0x562104c635a0 .functor NOT 1, v0x562104c85100_0, C4<0>, C4<0>, C4<0>;
L_0x562104c85960 .functor NOT 1, v0x562104c85200_0, C4<0>, C4<0>, C4<0>;
L_0x562104c85a20 .functor NOT 1, v0x562104c852d0_0, C4<0>, C4<0>, C4<0>;
L_0x562104c85b10 .functor AND 1, v0x562104c85040_0, L_0x562104c635a0, L_0x562104c85960, L_0x562104c85a20;
L_0x562104c85ca0 .functor OR 1, v0x562104c85100_0, v0x562104c85200_0, v0x562104c852d0_0, C4<0>;
L_0x562104c85d50 .functor AND 1, L_0x562104c63530, L_0x562104c85ca0, C4<1>, C4<1>;
L_0x562104c85e60 .functor OR 1, L_0x562104c85b10, L_0x562104c85d50, C4<0>, C4<0>;
L_0x562104c86010 .functor AND 1, v0x562104c85100_0, L_0x562104c85960, L_0x562104c85a20, C4<1>;
L_0x562104c86110 .functor OR 1, v0x562104c85200_0, v0x562104c852d0_0, C4<0>, C4<0>;
L_0x562104c86300 .functor AND 1, L_0x562104c635a0, L_0x562104c86110, C4<1>, C4<1>;
L_0x562104c86370 .functor OR 1, L_0x562104c86010, L_0x562104c86300, C4<0>, C4<0>;
L_0x562104c86450 .functor AND 1, L_0x562104c85960, v0x562104c852d0_0, C4<1>, C4<1>;
L_0x562104c86550 .functor AND 1, v0x562104c85200_0, L_0x562104c85a20, C4<1>, C4<1>;
L_0x562104c863e0 .functor OR 1, L_0x562104c86450, L_0x562104c86550, C4<0>, C4<0>;
L_0x562104c86720 .functor BUFZ 1, v0x562104c852d0_0, C4<0>, C4<0>, C4<0>;
v0x562104c5a370_0 .net "A", 0 0, L_0x562104c85b10;  1 drivers
v0x562104c83fd0_0 .net "B", 0 0, L_0x562104c85ca0;  1 drivers
v0x562104c84090_0 .net "C", 0 0, L_0x562104c85d50;  1 drivers
v0x562104c84130_0 .net "D", 0 0, L_0x562104c86010;  1 drivers
v0x562104c841f0_0 .net "E", 0 0, L_0x562104c86110;  1 drivers
v0x562104c84300_0 .net "F1", 0 0, L_0x562104c85e60;  alias, 1 drivers
v0x562104c843c0_0 .net "F2", 0 0, L_0x562104c86370;  alias, 1 drivers
v0x562104c84480_0 .net "F3", 0 0, L_0x562104c863e0;  alias, 1 drivers
v0x562104c84540_0 .net "F4", 0 0, L_0x562104c86720;  alias, 1 drivers
v0x562104c84600_0 .net "G", 0 0, L_0x562104c86300;  1 drivers
v0x562104c846c0_0 .net "H", 0 0, L_0x562104c86450;  1 drivers
v0x562104c84780_0 .net "I", 0 0, L_0x562104c86550;  1 drivers
v0x562104c84840_0 .net "NOTX1", 0 0, L_0x562104c63530;  1 drivers
v0x562104c84900_0 .net "NOTX2", 0 0, L_0x562104c635a0;  1 drivers
v0x562104c849c0_0 .net "NOTX3", 0 0, L_0x562104c85960;  1 drivers
v0x562104c84a80_0 .net "NOTX4", 0 0, L_0x562104c85a20;  1 drivers
v0x562104c84b40_0 .net "X1", 0 0, v0x562104c85040_0;  1 drivers
v0x562104c84c00_0 .net "X2", 0 0, v0x562104c85100_0;  1 drivers
v0x562104c84cc0_0 .net "X3", 0 0, v0x562104c85200_0;  1 drivers
v0x562104c84d80_0 .net "X4", 0 0, v0x562104c852d0_0;  1 drivers
    .scope S_0x562104c63930;
T_0 ;
    %pushi/vec4 0, 0, 32;
    %store/vec4 v0x562104c84f40_0, 0, 32;
T_0.0 ;
    %load/vec4 v0x562104c84f40_0;
    %cmpi/s 2, 0, 32;
    %jmp/0xz T_0.1, 5;
    %pushi/vec4 0, 0, 32;
    %store/vec4 v0x562104c853c0_0, 0, 32;
T_0.2 ;
    %load/vec4 v0x562104c853c0_0;
    %cmpi/s 2, 0, 32;
    %jmp/0xz T_0.3, 5;
    %pushi/vec4 0, 0, 32;
    %store/vec4 v0x562104c85460_0, 0, 32;
T_0.4 ;
    %load/vec4 v0x562104c85460_0;
    %cmpi/s 2, 0, 32;
    %jmp/0xz T_0.5, 5;
    %pushi/vec4 0, 0, 32;
    %store/vec4 v0x562104c85840_0, 0, 32;
T_0.6 ;
    %load/vec4 v0x562104c85840_0;
    %cmpi/s 2, 0, 32;
    %jmp/0xz T_0.7, 5;
    %load/vec4 v0x562104c84f40_0;
    %pad/s 1;
    %store/vec4 v0x562104c85040_0, 0, 1;
    %load/vec4 v0x562104c853c0_0;
    %pad/s 1;
    %store/vec4 v0x562104c85100_0, 0, 1;
    %load/vec4 v0x562104c85460_0;
    %pad/s 1;
    %store/vec4 v0x562104c85200_0, 0, 1;
    %load/vec4 v0x562104c85840_0;
    %pad/s 1;
    %store/vec4 v0x562104c852d0_0, 0, 1;
    %vpi_call 2 19 "$display", "Input values are: %b %b %b %b", v0x562104c85040_0, v0x562104c85100_0, v0x562104c85200_0, v0x562104c852d0_0 {0 0 0};
    %delay 1, 0;
    %load/vec4 v0x562104c85840_0;
    %addi 1, 0, 32;
    %store/vec4 v0x562104c85840_0, 0, 32;
    %jmp T_0.6;
T_0.7 ;
    %load/vec4 v0x562104c85460_0;
    %addi 1, 0, 32;
    %store/vec4 v0x562104c85460_0, 0, 32;
    %jmp T_0.4;
T_0.5 ;
    %load/vec4 v0x562104c853c0_0;
    %addi 1, 0, 32;
    %store/vec4 v0x562104c853c0_0, 0, 32;
    %jmp T_0.2;
T_0.3 ;
    %load/vec4 v0x562104c84f40_0;
    %addi 1, 0, 32;
    %store/vec4 v0x562104c84f40_0, 0, 32;
    %jmp T_0.0;
T_0.1 ;
    %vpi_call 2 25 "$finish" {0 0 0};
    %end;
    .thread T_0;
    .scope S_0x562104c63930;
T_1 ;
    %vpi_call 2 29 "$monitor", "Outs have changed! New values are: %b %b %b %b", v0x562104c85500_0, v0x562104c855d0_0, v0x562104c856a0_0, v0x562104c85770_0 {0 0 0};
    %end;
    .thread T_1;
# The file index is used to find the file name in the following table.
:file_names 4;
    "N/A";
    "<interactive>";
    "main.v";
    "modulos.v";
